<?xml version="1.0" encoding="utf-8"?><testsuite errors="0" failures="2" name="pytest" skips="0" tests="3" time="0.290"><testcase classname="" file="__init__.py" line="-1" name="__init__" time="0.017989158630371094"></testcase><testcase classname="" file="code.py" line="-1" name="code" time="0.04366111755371094"><failure message="/home/jenkins/jenkins_slave/workspace/test/code.py:4:1: E302 expected 2 blank lines, found 1
class Math():
^
/home/jenkins/jenkins_slave/workspace/test/code.py:6:1: W191 indentation contains tabs
	def sum(self, a, b):
^
/home/jenkins/jenkins_slave/workspace/test/code.py:6:22: W291 trailing whitespace
	def sum(self, a, b):
	                    ^
/home/jenkins/jenkins_slave/workspace/test/code.py:7:1: E101 indentation contains mixed spaces and tabs
    		return a + b
^
/home/jenkins/jenkins_slave/workspace/test/code.py:7:5: W191 indentation contains tabs
    		return a + b
    ^
/home/jenkins/jenkins_slave/workspace/test/code.py:9:1: E101 indentation contains mixed spaces and tabs
	def subs(self, a, b):
^
/home/jenkins/jenkins_slave/workspace/test/code.py:9:1: W191 indentation contains tabs
	def subs(self, a, b):
^
/home/jenkins/jenkins_slave/workspace/test/code.py:10:1: W191 indentation contains tabs
			return a - b
^
/home/jenkins/jenkins_slave/workspace/test/code.py:11:1: W191 indentation contains tabs

^
/home/jenkins/jenkins_slave/workspace/test/code.py:11:1: W293 blank line contains whitespace

^
/home/jenkins/jenkins_slave/workspace/test/code.py:12:1: W191 indentation contains tabs
	def mul(self, a, b):
^
/home/jenkins/jenkins_slave/workspace/test/code.py:13:1: W191 indentation contains tabs
			return a * b
^
/home/jenkins/jenkins_slave/workspace/test/code.py:15:1: W391 blank line at end of file

^
">/home/jenkins/jenkins_slave/workspace/test/code.py:4:1: E302 expected 2 blank lines, found 1
class Math():
^
/home/jenkins/jenkins_slave/workspace/test/code.py:6:1: W191 indentation contains tabs
	def sum(self, a, b):
^
/home/jenkins/jenkins_slave/workspace/test/code.py:6:22: W291 trailing whitespace
	def sum(self, a, b):
	                    ^
/home/jenkins/jenkins_slave/workspace/test/code.py:7:1: E101 indentation contains mixed spaces and tabs
    		return a + b
^
/home/jenkins/jenkins_slave/workspace/test/code.py:7:5: W191 indentation contains tabs
    		return a + b
    ^
/home/jenkins/jenkins_slave/workspace/test/code.py:9:1: E101 indentation contains mixed spaces and tabs
	def subs(self, a, b):
^
/home/jenkins/jenkins_slave/workspace/test/code.py:9:1: W191 indentation contains tabs
	def subs(self, a, b):
^
/home/jenkins/jenkins_slave/workspace/test/code.py:10:1: W191 indentation contains tabs
			return a - b
^
/home/jenkins/jenkins_slave/workspace/test/code.py:11:1: W191 indentation contains tabs

^
/home/jenkins/jenkins_slave/workspace/test/code.py:11:1: W293 blank line contains whitespace

^
/home/jenkins/jenkins_slave/workspace/test/code.py:12:1: W191 indentation contains tabs
	def mul(self, a, b):
^
/home/jenkins/jenkins_slave/workspace/test/code.py:13:1: W191 indentation contains tabs
			return a * b
^
/home/jenkins/jenkins_slave/workspace/test/code.py:15:1: W391 blank line at end of file

^
</failure></testcase><testcase classname="" file="tests_X_Y_20150206.py" line="-1" name="tests_X_Y_20150206" time="0.09609627723693848"><failure message="/home/jenkins/jenkins_slave/workspace/test/tests_X_Y_20150206.py:4:1: E265 block comment should start with &apos;# &apos;
##nosetests -x --verbosity=3 --with-xunit --xunit-file=nosetests.xml --with-coverage --cover-package=tests --cover-tests --cover-xml
^
/home/jenkins/jenkins_slave/workspace/test/tests_X_Y_20150206.py:4:80: E501 line too long (132 &gt; 79 characters)
##nosetests -x --verbosity=3 --with-xunit --xunit-file=nosetests.xml --with-coverage --cover-package=tests --cover-tests --cover-xml
                                                                               ^
/home/jenkins/jenkins_slave/workspace/test/tests_X_Y_20150206.py:13:1: W191 indentation contains tabs
	def setUp(self):
^
/home/jenkins/jenkins_slave/workspace/test/tests_X_Y_20150206.py:13:2: E303 too many blank lines (2)
	def setUp(self):
	^
/home/jenkins/jenkins_slave/workspace/test/tests_X_Y_20150206.py:14:1: W191 indentation contains tabs
		self.session = &apos;foobar&apos;
^
/home/jenkins/jenkins_slave/workspace/test/tests_X_Y_20150206.py:16:1: W191 indentation contains tabs
	def tearDown(self):
^
/home/jenkins/jenkins_slave/workspace/test/tests_X_Y_20150206.py:17:1: W191 indentation contains tabs
		self.session = None
^
/home/jenkins/jenkins_slave/workspace/test/tests_X_Y_20150206.py:19:1: W191 indentation contains tabs
	def test_foo(self):
^
/home/jenkins/jenkins_slave/workspace/test/tests_X_Y_20150206.py:19:21: W291 trailing whitespace
	def test_foo(self):
	                   ^
/home/jenkins/jenkins_slave/workspace/test/tests_X_Y_20150206.py:20:1: W191 indentation contains tabs
		&quot;&quot;&quot;test_foo&quot;&quot;&quot;
^
/home/jenkins/jenkins_slave/workspace/test/tests_X_Y_20150206.py:20:17: W291 trailing whitespace
		&quot;&quot;&quot;test_foo&quot;&quot;&quot;
		              ^
/home/jenkins/jenkins_slave/workspace/test/tests_X_Y_20150206.py:21:1: W191 indentation contains tabs
		a = 1
^
/home/jenkins/jenkins_slave/workspace/test/tests_X_Y_20150206.py:22:1: W191 indentation contains tabs
		self.assertEqual(a, 1)
^
/home/jenkins/jenkins_slave/workspace/test/tests_X_Y_20150206.py:24:1: W191 indentation contains tabs
	def test_bar(self):
^
/home/jenkins/jenkins_slave/workspace/test/tests_X_Y_20150206.py:25:1: W191 indentation contains tabs
		&quot;&quot;&quot;test_bar&quot;&quot;&quot;
^
/home/jenkins/jenkins_slave/workspace/test/tests_X_Y_20150206.py:25:17: W291 trailing whitespace
		&quot;&quot;&quot;test_bar&quot;&quot;&quot;
		              ^
/home/jenkins/jenkins_slave/workspace/test/tests_X_Y_20150206.py:26:1: W191 indentation contains tabs
		b = &apos;data&apos; + self.session
^
/home/jenkins/jenkins_slave/workspace/test/tests_X_Y_20150206.py:27:1: W191 indentation contains tabs
		self.assertEqual(b, &apos;datafoobar&apos;)
^
/home/jenkins/jenkins_slave/workspace/test/tests_X_Y_20150206.py:29:1: W191 indentation contains tabs
	def test_sum(self):
^
/home/jenkins/jenkins_slave/workspace/test/tests_X_Y_20150206.py:29:21: W291 trailing whitespace
	def test_sum(self):
	                   ^
/home/jenkins/jenkins_slave/workspace/test/tests_X_Y_20150206.py:30:1: W191 indentation contains tabs
		&quot;&quot;&quot;Check is sum method is equivalent to operator&quot;&quot;&quot;
^
/home/jenkins/jenkins_slave/workspace/test/tests_X_Y_20150206.py:31:1: W191 indentation contains tabs
		x = Math.sum(self, 1,1)
^
/home/jenkins/jenkins_slave/workspace/test/tests_X_Y_20150206.py:31:23: E231 missing whitespace after &apos;,&apos;
		x = Math.sum(self, 1,1)
		                    ^
/home/jenkins/jenkins_slave/workspace/test/tests_X_Y_20150206.py:32:1: W191 indentation contains tabs
		self.assertEqual(x, 2)
^
/home/jenkins/jenkins_slave/workspace/test/tests_X_Y_20150206.py:36:1: E303 too many blank lines (3)
if __name__ == &quot;__main__&quot;:
^
/home/jenkins/jenkins_slave/workspace/test/tests_X_Y_20150206.py:37:1: W191 indentation contains tabs
	unittest.main()
^
/home/jenkins/jenkins_slave/workspace/test/tests_X_Y_20150206.py:38:1: W391 blank line at end of file

^
">/home/jenkins/jenkins_slave/workspace/test/tests_X_Y_20150206.py:4:1: E265 block comment should start with &apos;# &apos;
##nosetests -x --verbosity=3 --with-xunit --xunit-file=nosetests.xml --with-coverage --cover-package=tests --cover-tests --cover-xml
^
/home/jenkins/jenkins_slave/workspace/test/tests_X_Y_20150206.py:4:80: E501 line too long (132 &gt; 79 characters)
##nosetests -x --verbosity=3 --with-xunit --xunit-file=nosetests.xml --with-coverage --cover-package=tests --cover-tests --cover-xml
                                                                               ^
/home/jenkins/jenkins_slave/workspace/test/tests_X_Y_20150206.py:13:1: W191 indentation contains tabs
	def setUp(self):
^
/home/jenkins/jenkins_slave/workspace/test/tests_X_Y_20150206.py:13:2: E303 too many blank lines (2)
	def setUp(self):
	^
/home/jenkins/jenkins_slave/workspace/test/tests_X_Y_20150206.py:14:1: W191 indentation contains tabs
		self.session = &apos;foobar&apos;
^
/home/jenkins/jenkins_slave/workspace/test/tests_X_Y_20150206.py:16:1: W191 indentation contains tabs
	def tearDown(self):
^
/home/jenkins/jenkins_slave/workspace/test/tests_X_Y_20150206.py:17:1: W191 indentation contains tabs
		self.session = None
^
/home/jenkins/jenkins_slave/workspace/test/tests_X_Y_20150206.py:19:1: W191 indentation contains tabs
	def test_foo(self):
^
/home/jenkins/jenkins_slave/workspace/test/tests_X_Y_20150206.py:19:21: W291 trailing whitespace
	def test_foo(self):
	                   ^
/home/jenkins/jenkins_slave/workspace/test/tests_X_Y_20150206.py:20:1: W191 indentation contains tabs
		&quot;&quot;&quot;test_foo&quot;&quot;&quot;
^
/home/jenkins/jenkins_slave/workspace/test/tests_X_Y_20150206.py:20:17: W291 trailing whitespace
		&quot;&quot;&quot;test_foo&quot;&quot;&quot;
		              ^
/home/jenkins/jenkins_slave/workspace/test/tests_X_Y_20150206.py:21:1: W191 indentation contains tabs
		a = 1
^
/home/jenkins/jenkins_slave/workspace/test/tests_X_Y_20150206.py:22:1: W191 indentation contains tabs
		self.assertEqual(a, 1)
^
/home/jenkins/jenkins_slave/workspace/test/tests_X_Y_20150206.py:24:1: W191 indentation contains tabs
	def test_bar(self):
^
/home/jenkins/jenkins_slave/workspace/test/tests_X_Y_20150206.py:25:1: W191 indentation contains tabs
		&quot;&quot;&quot;test_bar&quot;&quot;&quot;
^
/home/jenkins/jenkins_slave/workspace/test/tests_X_Y_20150206.py:25:17: W291 trailing whitespace
		&quot;&quot;&quot;test_bar&quot;&quot;&quot;
		              ^
/home/jenkins/jenkins_slave/workspace/test/tests_X_Y_20150206.py:26:1: W191 indentation contains tabs
		b = &apos;data&apos; + self.session
^
/home/jenkins/jenkins_slave/workspace/test/tests_X_Y_20150206.py:27:1: W191 indentation contains tabs
		self.assertEqual(b, &apos;datafoobar&apos;)
^
/home/jenkins/jenkins_slave/workspace/test/tests_X_Y_20150206.py:29:1: W191 indentation contains tabs
	def test_sum(self):
^
/home/jenkins/jenkins_slave/workspace/test/tests_X_Y_20150206.py:29:21: W291 trailing whitespace
	def test_sum(self):
	                   ^
/home/jenkins/jenkins_slave/workspace/test/tests_X_Y_20150206.py:30:1: W191 indentation contains tabs
		&quot;&quot;&quot;Check is sum method is equivalent to operator&quot;&quot;&quot;
^
/home/jenkins/jenkins_slave/workspace/test/tests_X_Y_20150206.py:31:1: W191 indentation contains tabs
		x = Math.sum(self, 1,1)
^
/home/jenkins/jenkins_slave/workspace/test/tests_X_Y_20150206.py:31:23: E231 missing whitespace after &apos;,&apos;
		x = Math.sum(self, 1,1)
		                    ^
/home/jenkins/jenkins_slave/workspace/test/tests_X_Y_20150206.py:32:1: W191 indentation contains tabs
		self.assertEqual(x, 2)
^
/home/jenkins/jenkins_slave/workspace/test/tests_X_Y_20150206.py:36:1: E303 too many blank lines (3)
if __name__ == &quot;__main__&quot;:
^
/home/jenkins/jenkins_slave/workspace/test/tests_X_Y_20150206.py:37:1: W191 indentation contains tabs
	unittest.main()
^
/home/jenkins/jenkins_slave/workspace/test/tests_X_Y_20150206.py:38:1: W391 blank line at end of file

^
</failure></testcase></testsuite>